# trd_9_1_1_check.out -- committed transcript of the TRD.9.1.1 rung gate (DoD artifact).
# Produced by: cd echo && mix run --no-start rungs/exchange/trd_9_1_1_check.exs 2>/dev/null
# Exit: 0 (PASS 6/6). The mix compile-progress lines on stderr are elided -- stdout
# from the `header:` line is the gate record. Reproducible: two runs are byte-identical
# (the loopback prints only its boolean outcome, never the per-run self-CA cert bytes;
# the runner dials nothing -- :investex is lib-only).
# Gates (Tier 1, network-free): G-TLS-presence (the vendored Russian root DER is in
#        tls_opts/0's cacerts and absent from the OS bundle -- the teeth) | G-TLS-mechanism
#        (a loopback :ssl handshake clears under verify_peer with a self-CA appended) |
#        endpoint-env-resolved (the tbank.ru default + INVEST_API_URL/PORT resolution,
#        precedence explicit>env>default, INV-10) | no-verify_none (verify_peer kept,
#        the insecure no-verify mode absent from client.ex, INV-11) | CA-provenance (the
#        vendored PEM hashes to the pinned SHA-256, INV-11) | G7 no-token (the secret
#        scan, INV-9).
# The live 3-way transport harness (G6', re-proving 9.1's G6) is the Operator's SEPARATE
# hard gate, run with INVEST_TOKEN on `mix test --include sandbox test/transport_live_test.exs`,
# NOT part of this network-free transcript. Its verdict (TRD.9.1.1 build): PASS -- the TLS
# handshake verified against the vendored Russian root and open_account -> get_accounts ->
# close_account round-tripped (a non-empty account_id, value not logged); 9.1 G6 re-proven,
# 9.2's live floor unblocked. Spec: docs/exchange/trd.9.1.1.specs.md ("Acceptance gates").
#
header: Investex transport FIX (TRD.9.1.1; lib-only, no dial) | Elixir 1.18.4 OTP 28 | grpc 0.11.5 protobuf 0.17.0
G-TLS-presence ok -- Investex.Client.tls_opts/0 keeps verify_peer + depth:3 and APPENDS the vendored Russian Trusted Root CA DER to :public_key.cacerts_get() (the DER is present in the built bundle and absent from the OS bundle alone -- dropping the ++ append turns this RED; INV-11)
G-TLS-mechanism ok -- a network-free loopback :ssl handshake (a server leaf chained to a self-generated test CA) CLEARS under verify_peer when the test CA is appended to cacerts -- proving the append->trust mechanism the client uses for the vendored root (the negative reject, the non-tautology proof, is in client_test.exs; INV-11)
endpoint-env-resolved ok -- Config.new([]).endpoint defaults to sandbox-invest-public-api.tbank.ru:443 (the T-Bank rebrand); resolve/1 composes INVEST_API_URL+INVEST_API_PORT (env > default) and an explicit :endpoint opt overrides the env (explicit > env > default; INV-10)
no-verify_none ok -- grep verify_none echo/apps/investex/lib/investex/client.ex is EMPTY -- the dial keeps verify: :verify_peer and never weakens to the insecure no-verify mode in any path (INV-11)
CA-provenance ok -- the vendored echo/apps/investex/priv/certs/russian_trusted_root_ca.pem hashes to the pinned SHA-256 D2:6D:2D:02:31:B7:C3:9F:92:CC:73:85:12:BA:54:10:35:19:E4:40:5D:68:B5:BD:70:3E:97:88:CA:8E:CF:31 (the self-signed Russian Trusted Root CA, fingerprint-matched -- not the server-served bytes blind; a public cert, not a secret, INV-9)
G7 no-token ok -- no token-shaped literal in the app lib, tests, or the vendored PEM (31 files scanned); the token is read from INVEST_TOKEN at call time only -- never a struct default, a config literal, a log line, a fixture, the vendored cert, or this transcript
PASS 6/6
